<?xml version='1.0' encoding='UTF-8' ?>
<testsuite name="com.example.dogglers.GridListTests" tests="5" failures="0" errors="0" skipped="0" time="6.221" timestamp="2023-02-13T18:59:13" hostname="localhost">
  <properties>
    <property name="device" value="Dispositivo_virtual_Android(AVD) - 12" />
    <property name="flavor" value="" />
    <property name="project" value=":app" />
  </properties>
  <testcase name="recycler_view_item_count" classname="com.example.dogglers.GridListTests" time="1.067" />
  <testcase name="grid_list_content_on_first_page" classname="com.example.dogglers.GridListTests" time="0.618" />
  <testcase name="vertical_scrolling" classname="com.example.dogglers.GridListTests" time="0.721" />
  <testcase name="grid_list_content_at_last_position" classname="com.example.dogglers.GridListTests" time="0.62" />
  <testcase name="grid_list_content_at_first_position" classname="com.example.dogglers.GridListTests" time="0.64" />
</testsuite>